Load : map_lobby_01
Load : map_lobby_01
Load : map_labo00_00
Load : map_labo00_00
Load : map_lobby_01
Load : map_city00_00
Load : map_city00_00
Load : map_forest02
Load : map_boss01
Load : map_cave03_04
Load : map_city00_00
Load : map_lobby_01
Load : map_city00_00
Load : map_city00_00
Load : map_forest02
Load : map_boss01
Load : map_cave03_04
Load : map_city00_00
Load : map_lobby_01
Load : map_city00_00
Load : map_city00_00
Load : map_forest02
Load : map_boss01
Load : map_cave03_04
Load : map_city00_00
Load : map_lobby_01
